<?xml version="1.0" encoding="UTF-8"?>
<!-- Generated by org.testng.reporters.JUnitXMLReporter -->
<testsuite hostname="MAYTINH-6IQQQN0" name="Run on Firefox" tests="1" failures="0" timestamp="22 Apr 2017 08:48:25 GMT" time="0.048" errors="0">
  <testcase name="@BeforeClass beforeClass" time="0.0" classname="com.guru99.newcustomer.NewCustomer_01_ValidateAllFields">
    <failure type="org.testng.TestNGException" message="
Parameter &amp;apos;url&amp;apos; is required by @Configuration on method beforeClass but has not been marked @Optional or defined
in D:\selenium\POM_03_HIEUTV\resources\runTestCase.xml">
      <![CDATA[org.testng.TestNGException: 
Parameter 'url' is required by @Configuration on method beforeClass but has not been marked @Optional or defined
in D:\selenium\POM_03_HIEUTV\resources\runTestCase.xml
... Removed 21 stack frames]]>
    </failure>
  </testcase> <!-- @BeforeClass beforeClass -->
  <testcase name="@AfterClass afterClass" time="0.0" classname="com.guru99.newcustomer.NewCustomer_01_ValidateAllFields">
    <skipped/>
  </testcase> <!-- @AfterClass afterClass -->
  <testcase name="TC_01_NameCannotEmpty" time="0.005" classname="com.guru99.newcustomer.NewCustomer_01_ValidateAllFields">
    <skipped/>
  </testcase> <!-- TC_01_NameCannotEmpty -->
</testsuite> <!-- Run on Firefox -->
